C51 COMPILER V9.60.7.0   INTERRUPT0                                                        04/18/2023 23:52:15 PAGE 1   


C51 COMPILER V9.60.7.0, COMPILATION OF MODULE INTERRUPT0
OBJECT MODULE PLACED IN .\Objects\Interrupt0.obj
COMPILER INVOKED BY: C:\Keil_v5\C51\BIN\C51.EXE Interrupt0.c OPTIMIZE(8,SPEED) BROWSE DEBUG OBJECTEXTEND PRINT(.\Listing
                    -s\Interrupt0.lst) TABS(2) OBJECT(.\Objects\Interrupt0.obj)

line level    source

   1          #include "Interrupt0.h"
   2          #include "quad_7segment.h"
   3          sbit SWT = P3^2;
   4          
   5          
   6          void Ext_int_Init(void)       
   7          {
   8   1        EA  = 1;  /* Enable global interrupt */
   9   1        EX0 = 1;        /* Enable Ext. interrupt0 */
  10   1        IT0 = 1;        /* Select Ext. interrupt0 on falling edge */
  11   1      }
  12          
  13          void External0_ISR() interrupt 0
  14          {
  15   1        show_7segment(0);
  16   1      } 
  17          


MODULE INFORMATION:   STATIC OVERLAYABLE
   CODE SIZE        =     69    ----
   CONSTANT SIZE    =   ----    ----
   XDATA SIZE       =   ----    ----
   PDATA SIZE       =   ----    ----
   DATA SIZE        =   ----    ----
   IDATA SIZE       =   ----    ----
   BIT SIZE         =   ----    ----
END OF MODULE INFORMATION.


C51 COMPILATION COMPLETE.  0 WARNING(S),  0 ERROR(S)
