C51 COMPILER V9.60.7.0   KEYPAD                                                            04/20/2023 15:49:42 PAGE 1   


C51 COMPILER V9.60.7.0, COMPILATION OF MODULE KEYPAD
OBJECT MODULE PLACED IN .\Objects\keypad.obj
COMPILER INVOKED BY: C:\Keil_v5\C51\BIN\C51.EXE keypad.c OPTIMIZE(8,SPEED) BROWSE DEBUG OBJECTEXTEND PRINT(.\Listings\ke
                    -ypad.lst) TABS(2) OBJECT(.\Objects\keypad.obj)

line level    source

   1          #include "keypad.h"
   2          
   3          sbit ROW1 = P1^0;
   4          sbit ROW2 = P1^1;
   5          sbit ROW3 = P1^2;
   6          sbit ROW4 = P1^3;
   7          sbit COL1 = P1^4;
   8          sbit COL2 = P1^5;
   9          sbit COL3 = P1^6;
  10          sbit COL4 = P1^7;
  11          
  12          void keypad_init(void)
  13          {
  14   1          P1 = 0xFF;
  15   1      }
  16          
  17          unsigned char read_char(void)
  18          {
  19   1        unsigned char key = 'k';
  20   1        ROW1 = 0; ROW2 = 1; ROW3 = 1; ROW4 = 1;
  21   1        while (COL1 == 0) key = '7';
  22   1        while (COL2 == 0) key = '8';
  23   1        while (COL3 == 0) key = '9';
  24   1        while (COL4 == 0) key = 'A';
  25   1        ROW1 = 1; ROW2 = 0; ROW3 = 1; ROW4 = 1;
  26   1        while (COL1 == 0) key = '4';
  27   1        while (COL2 == 0) key = '5';
  28   1        while (COL3 == 0) key = '6';
  29   1        while (COL4 == 0) key = 'B';
  30   1        ROW1 = 1; ROW2 = 1; ROW3 = 0; ROW4 = 1;
  31   1        while (COL1 == 0) key = '1';
  32   1        while (COL2 == 0) key = '2';
  33   1        while (COL3 == 0) key = '3';
  34   1        while (COL4 == 0) key = 'C';
  35   1        ROW1 = 1; ROW2 = 1; ROW3 = 1; ROW4 = 0;
  36   1        while (COL1 == 0) key = '*';
  37   1        while (COL2 == 0) key = '0';
  38   1        while (COL3 == 0) key = '#';
  39   1        while (COL4 == 0) key = 'D';
  40   1        return key;
  41   1      }


MODULE INFORMATION:   STATIC OVERLAYABLE
   CODE SIZE        =    151    ----
   CONSTANT SIZE    =   ----    ----
   XDATA SIZE       =   ----    ----
   PDATA SIZE       =   ----    ----
   DATA SIZE        =   ----    ----
   IDATA SIZE       =   ----    ----
   BIT SIZE         =   ----    ----
END OF MODULE INFORMATION.


C51 COMPILATION COMPLETE.  0 WARNING(S),  0 ERROR(S)
